[3794617] Using port 4461
Server waiting for client
Connected player with UUID Red-MyAI
Assigned index 0
Server waiting for client
Connected player with UUID Blue-Perpentine
Assigned index 1
Server waiting for client
Connected player with UUID Green-Perpentine
Assigned index 2
Server waiting for client
Connected player with UUID Purple-MyAI
Assigned index 3
[3796062] Processing the map...
[3796143] Initializing controllers...
[3796146] Initializing the game...
[0] Red-MyAI (Comm open) - sending GET_READY...
[0] Red-MyAI (Comm open) - Ready!
[1] Blue-Perpentine (Comm open) - sending GET_READY...
[1] Blue-Perpentine (Comm open) - Ready!
[2] Green-Perpentine (Comm open) - sending GET_READY...
[2] Green-Perpentine (Comm open) - Ready!
[3] Purple-MyAI (Comm open) - sending GET_READY...
[3] Purple-MyAI (Comm open) - Ready!
[3796540] Turn number: 0
[3796540] ----------------------------------------------------
[3797160] Turn number: 1
[3797160] ----------------------------------------------------
[3797775] Turn number: 2
[3797775] ----------------------------------------------------
[3798407] Turn number: 3
[3798407] ----------------------------------------------------
[3799031] Turn number: 4
[3799031] ----------------------------------------------------
[3799661] Turn number: 5
[3799662] ----------------------------------------------------
[3800265] Blue-Perpentine Acquired Territory, now at  (27, 4)
[3800265] Green-Perpentine Acquired Territory, now at  (27, 25)
[3800288] Turn number: 6
[3800288] ----------------------------------------------------
[3800911] Turn number: 7
[3800911] ----------------------------------------------------
[3801533] Turn number: 8
[3801533] ----------------------------------------------------
[3802152] Turn number: 9
[3802153] ----------------------------------------------------
[3802777] Turn number: 10
[3802777] ----------------------------------------------------
[3803401] Turn number: 11
[3803401] ----------------------------------------------------
[3804002] Blue-Perpentine Acquired Territory, now at  (25, 4)
[3804024] Turn number: 12
[3804024] ----------------------------------------------------
[3804626] Green-Perpentine Acquired Territory, now at  (26, 23)
[3804644] Turn number: 13
[3804644] ----------------------------------------------------
[3805266] Turn number: 14
[3805266] ----------------------------------------------------
[3805889] Turn number: 15
[3805889] ----------------------------------------------------
[3806517] Turn number: 16
[3806517] ----------------------------------------------------
[3807140] Turn number: 17
[3807140] ----------------------------------------------------
[3807741] Blue-Perpentine Acquired Territory, now at  (25, 2)
[3807753] Turn number: 18
[3807754] ----------------------------------------------------
[3808365] Turn number: 19
[3808366] ----------------------------------------------------
[3808967] Green-Perpentine Acquired Territory, now at  (27, 23)
[3808979] Turn number: 20
[3808979] ----------------------------------------------------
[3809589] Turn number: 21
[3809589] ----------------------------------------------------
[3810201] Turn number: 22
[3810201] ----------------------------------------------------
[3810820] Turn number: 23
[3810820] ----------------------------------------------------
[3811430] Turn number: 24
[3811431] ----------------------------------------------------
[3812032] Blue-Perpentine Acquired Territory, now at  (26, 6)
[3812044] Turn number: 25
[3812044] ----------------------------------------------------
[3812666] Turn number: 26
[3812666] ----------------------------------------------------
[3813282] Turn number: 27
[3813282] ----------------------------------------------------
[3813884] Green-Perpentine Acquired Territory, now at  (27, 21)
[3813901] Turn number: 28
[3813901] ----------------------------------------------------
[3814519] Turn number: 29
[3814519] ----------------------------------------------------
[3815132] Turn number: 30
[3815132] ----------------------------------------------------
[3815745] Turn number: 31
[3815745] ----------------------------------------------------
[3816347] Blue-Perpentine Acquired Territory, now at  (24, 5)
[3816359] Turn number: 32
[3816359] ----------------------------------------------------
[3816973] Turn number: 33
[3816973] ----------------------------------------------------
[3817574] Green-Perpentine Acquired Territory, now at  (26, 20)
[3817585] Turn number: 34
[3817585] ----------------------------------------------------
[3818206] Turn number: 35
[3818207] ----------------------------------------------------
[3818825] Turn number: 36
[3818825] ----------------------------------------------------
[3819427] Blue-Perpentine Acquired Territory, now at  (23, 3)
[3819466] Turn number: 37
[3819466] ----------------------------------------------------
[3820079] Turn number: 38
[3820079] ----------------------------------------------------
[3820680] Purple-MyAI Killed AI at  (1, 19)
[3820680] Purple-MyAI Died at  (1, 19)
[3820702] Turn number: 39
[3820702] ----------------------------------------------------
[3821317] Turn number: 40
[3821317] ----------------------------------------------------
[3821936] Turn number: 41
[3821936] ----------------------------------------------------
[3822537] Blue-Perpentine Acquired Territory, now at  (23, 2)
[3822537] Green-Perpentine Acquired Territory, now at  (27, 19)
[3822555] Turn number: 42
[3822555] ----------------------------------------------------
[3823157] Red-MyAI Killed AI at  (13, 2)
[3823157] Red-MyAI Died at  (13, 2)
[3823170] Turn number: 43
[3823170] ----------------------------------------------------
[3823792] Turn number: 44
[3823793] ----------------------------------------------------
[3824404] Turn number: 45
[3824405] ----------------------------------------------------
[3825018] Turn number: 46
[3825019] ----------------------------------------------------
[3825638] Turn number: 47
[3825638] ----------------------------------------------------
