[398855861] Using port 4461
Server waiting for client
Connected player with UUID Red-Perpentine
Assigned index 0
Server waiting for client
Connected player with UUID Blue-Perpentine
Assigned index 1
Server waiting for client
Connected player with UUID Green-Perpentine
Assigned index 2
Server waiting for client
Connected player with UUID Purple-Perpentine
Assigned index 3
[398857371] Processing the map...
[398857491] Initializing controllers...
[398857495] Initializing the game...
[0] Red-Perpentine (Comm open) - sending GET_READY...
[0] Red-Perpentine (Comm open) - Ready!
[1] Blue-Perpentine (Comm open) - sending GET_READY...
[1] Blue-Perpentine (Comm open) - Ready!
[2] Green-Perpentine (Comm open) - sending GET_READY...
[2] Green-Perpentine (Comm open) - Ready!
[3] Purple-Perpentine (Comm open) - sending GET_READY...
[3] Purple-Perpentine (Comm open) - Ready!
[398858097] Turn number: 0
[398858098] ----------------------------------------------------
[398858741] Turn number: 1
[398858742] ----------------------------------------------------
[398859367] Turn number: 2
[398859368] ----------------------------------------------------
[398860025] Turn number: 3
[398860026] ----------------------------------------------------
[398860665] Turn number: 4
[398860665] ----------------------------------------------------
[398861298] Turn number: 5
[398861298] ----------------------------------------------------
[398861905] Red-Perpentine Acquired Territory, now at  (4, 2)
[398861905] Blue-Perpentine Acquired Territory, now at  (27, 4)
[398861905] Green-Perpentine Acquired Territory, now at  (27, 25)
[398861906] Purple-Perpentine Acquired Territory, now at  (4, 25)
[398861942] Turn number: 6
[398861943] ----------------------------------------------------
[398862567] Turn number: 7
[398862567] ----------------------------------------------------
[398863195] Turn number: 8
[398863195] ----------------------------------------------------
[398863811] Turn number: 9
[398863812] ----------------------------------------------------
[398864434] Turn number: 10
[398864434] ----------------------------------------------------
[398865049] Turn number: 11
[398865050] ----------------------------------------------------
[398865651] Blue-Perpentine Acquired Territory, now at  (25, 4)
[398865666] Turn number: 12
[398865666] ----------------------------------------------------
[398866268] Red-Perpentine Acquired Territory, now at  (6, 3)
[398866269] Green-Perpentine Acquired Territory, now at  (26, 23)
[398866269] Purple-Perpentine Acquired Territory, now at  (3, 23)
[398866290] Turn number: 13
[398866290] ----------------------------------------------------
[398866909] Turn number: 14
[398866910] ----------------------------------------------------
[398867528] Turn number: 15
[398867528] ----------------------------------------------------
[398868177] Turn number: 16
[398868178] ----------------------------------------------------
[398868797] Turn number: 17
[398868797] ----------------------------------------------------
[398869399] Blue-Perpentine Acquired Territory, now at  (25, 2)
[398869417] Turn number: 18
[398869417] ----------------------------------------------------
[398870033] Turn number: 19
[398870034] ----------------------------------------------------
[398870637] Red-Perpentine Acquired Territory, now at  (6, 2)
[398870638] Green-Perpentine Acquired Territory, now at  (27, 23)
[398870639] Purple-Perpentine Acquired Territory, now at  (4, 23)
[398870664] Turn number: 20
[398870665] ----------------------------------------------------
[398871284] Turn number: 21
[398871284] ----------------------------------------------------
[398871909] Turn number: 22
[398871910] ----------------------------------------------------
[398872537] Turn number: 23
[398872537] ----------------------------------------------------
[398873162] Turn number: 24
[398873162] ----------------------------------------------------
[398873765] Blue-Perpentine Acquired Territory, now at  (26, 6)
[398873781] Turn number: 25
[398873781] ----------------------------------------------------
[398874409] Turn number: 26
[398874409] ----------------------------------------------------
[398875012] Purple-Perpentine Acquired Territory, now at  (4, 22)
[398875036] Turn number: 27
[398875036] ----------------------------------------------------
[398875638] Red-Perpentine Acquired Territory, now at  (8, 2)
[398875638] Green-Perpentine Acquired Territory, now at  (27, 21)
[398875662] Turn number: 28
[398875662] ----------------------------------------------------
[398876295] Turn number: 29
[398876296] ----------------------------------------------------
[398876909] Turn number: 30
[398876910] ----------------------------------------------------
[398877530] Turn number: 31
[398877530] ----------------------------------------------------
[398878132] Blue-Perpentine Acquired Territory, now at  (24, 5)
[398878155] Turn number: 32
[398878155] ----------------------------------------------------
[398878777] Turn number: 33
[398878778] ----------------------------------------------------
[398879381] Red-Perpentine Acquired Territory, now at  (9, 3)
[398879382] Green-Perpentine Acquired Territory, now at  (26, 20)
[398879402] Turn number: 34
[398879402] ----------------------------------------------------
[398880038] Turn number: 35
[398880038] ----------------------------------------------------
[398880646] Purple-Perpentine Acquired Territory, now at  (4, 21)
[398880662] Turn number: 36
[398880662] ----------------------------------------------------
[398881267] Blue-Perpentine Acquired Territory, now at  (23, 3)
[398881320] Turn number: 37
[398881320] ----------------------------------------------------
[398881936] Turn number: 38
[398881936] ----------------------------------------------------
[398882555] Turn number: 39
[398882556] ----------------------------------------------------
[398883179] Turn number: 40
[398883179] ----------------------------------------------------
[398883798] Turn number: 41
[398883799] ----------------------------------------------------
[398884409] Red-Perpentine Acquired Territory, now at  (10, 2)
[398884409] Blue-Perpentine Acquired Territory, now at  (23, 2)
[398884409] Green-Perpentine Acquired Territory, now at  (27, 19)
[398884409] Purple-Perpentine Acquired Territory, now at  (4, 19)
[398884440] Turn number: 42
[398884440] ----------------------------------------------------
[398885081] Turn number: 43
[398885081] ----------------------------------------------------
[398885708] Turn number: 44
[398885708] ----------------------------------------------------
[398886338] Turn number: 45
[398886338] ----------------------------------------------------
[398886963] Turn number: 46
[398886963] ----------------------------------------------------
[398887582] Turn number: 47
[398887582] ----------------------------------------------------
[398888170] Blue-Perpentine Acquired Territory, now at  (22, 1)
[398888185] Turn number: 48
[398888185] ----------------------------------------------------
[398888781] Red-Perpentine Acquired Territory, now at  (12, 3)
[398888781] Green-Perpentine Acquired Territory, now at  (26, 17)
[398888781] Purple-Perpentine Acquired Territory, now at  (5, 19)
[398888799] Turn number: 49
[398888799] ----------------------------------------------------
[398889428] Turn number: 50
[398889429] ----------------------------------------------------
[398890050] Turn number: 51
[398890050] ----------------------------------------------------
[398890674] Turn number: 52
[398890674] ----------------------------------------------------
[398891309] Turn number: 53
[398891309] ----------------------------------------------------
[398891931] Turn number: 54
[398891931] ----------------------------------------------------
[398892520] Blue-Perpentine Acquired Territory, now at  (22, 4)
[398892538] Turn number: 55
[398892538] ----------------------------------------------------
[398893144] Red-Perpentine Acquired Territory, now at  (12, 2)
[398893145] Green-Perpentine Acquired Territory, now at  (27, 17)
[398893145] Purple-Perpentine Acquired Territory, now at  (5, 18)
[398893169] Turn number: 56
[398893170] ----------------------------------------------------
[398893786] Turn number: 57
[398893786] ----------------------------------------------------
[398894442] Turn number: 58
[398894442] ----------------------------------------------------
[398895049] Turn number: 59
[398895049] ----------------------------------------------------
[398895655] Blue-Perpentine Acquired Territory, now at  (23, 6)
[398895669] Turn number: 60
[398895669] ----------------------------------------------------
[398896284] Turn number: 61
[398896284] ----------------------------------------------------
[398896909] Turn number: 62
[398896909] ----------------------------------------------------
[398897534] Turn number: 63
[398897535] ----------------------------------------------------
[398898135] Red-Perpentine Acquired Territory, now at  (14, 2)
[398898135] Green-Perpentine Acquired Territory, now at  (27, 15)
[398898170] Turn number: 64
[398898170] ----------------------------------------------------
[398898783] Purple-Perpentine Acquired Territory, now at  (5, 17)
[398898814] Turn number: 65
[398898815] ----------------------------------------------------
[398899436] Turn number: 66
[398899436] ----------------------------------------------------
[398900034] Blue-Perpentine Acquired Territory, now at  (21, 5)
[398900052] Turn number: 67
[398900052] ----------------------------------------------------
[398900666] Turn number: 68
[398900667] ----------------------------------------------------
[398901311] Turn number: 69
[398901311] ----------------------------------------------------
[398901923] Red-Perpentine Acquired Territory, now at  (15, 3)
[398901923] Green-Perpentine Acquired Territory, now at  (26, 14)
[398901940] Turn number: 70
[398901940] ----------------------------------------------------
[398902540] Purple-Perpentine Acquired Territory, now at  (5, 15)
[398902571] Turn number: 71
[398902572] ----------------------------------------------------
[398903185] Turn number: 72
[398903186] ----------------------------------------------------
[398903802] Turn number: 73
[398903802] ----------------------------------------------------
[398904401] Blue-Perpentine Acquired Territory, now at  (21, 4)
[398904418] Turn number: 74
[398904419] ----------------------------------------------------
[398905032] Turn number: 75
[398905033] ----------------------------------------------------
[398905670] Turn number: 76
[398905671] ----------------------------------------------------
[398906313] Turn number: 77
[398906313] ----------------------------------------------------
[398906924] Red-Perpentine Acquired Territory, now at  (16, 2)
[398906924] Green-Perpentine Acquired Territory, now at  (27, 13)
[398906924] Purple-Perpentine Acquired Territory, now at  (6, 15)
[398906939] Turn number: 78
[398906940] ----------------------------------------------------
[398907614] Turn number: 79
[398907614] ----------------------------------------------------
[398908221] Blue-Perpentine Acquired Territory, now at  (22, 7)
[398908236] Turn number: 80
[398908237] ----------------------------------------------------
[398908858] Turn number: 81
[398908858] ----------------------------------------------------
[398909483] Turn number: 82
[398909484] ----------------------------------------------------
[398910099] Turn number: 83
[398910100] ----------------------------------------------------
[398910724] Turn number: 84
[398910724] ----------------------------------------------------
[398911330] Red-Perpentine Acquired Territory, now at  (18, 3)
[398911330] Green-Perpentine Acquired Territory, now at  (26, 11)
[398911331] Purple-Perpentine Acquired Territory, now at  (6, 14)
[398911361] Turn number: 85
[398911361] ----------------------------------------------------
[398912003] Turn number: 86
[398912003] ----------------------------------------------------
[398912605] Blue-Perpentine Acquired Territory, now at  (20, 6)
[398912621] Turn number: 87
[398912621] ----------------------------------------------------
[398913238] Turn number: 88
[398913238] ----------------------------------------------------
[398913856] Turn number: 89
[398913856] ----------------------------------------------------
[398914486] Turn number: 90
[398914486] ----------------------------------------------------
[398915112] Turn number: 91
[398915113] ----------------------------------------------------
[398915727] Red-Perpentine Acquired Territory, now at  (18, 2)
[398915727] Blue-Perpentine Acquired Territory, now at  (19, 4)
[398915727] Green-Perpentine Acquired Territory, now at  (27, 11)
[398915758] Turn number: 92
[398915758] ----------------------------------------------------
[398916388] Turn number: 93
[398916388] ----------------------------------------------------
[398916989] Red-Perpentine Killed AI at  (19, 3)
[398916989] Blue-Perpentine Died at  (19, 2)
[398916989] Purple-Perpentine Acquired Territory, now at  (6, 13)
[398917007] Turn number: 94
[398917007] ----------------------------------------------------
[398917639] Turn number: 95
[398917639] ----------------------------------------------------
[398918255] Turn number: 96
[398918255] ----------------------------------------------------
[398918890] Turn number: 97
[398918890] ----------------------------------------------------
[398919518] Turn number: 98
[398919519] ----------------------------------------------------
[398920126] Red-Perpentine Acquired Territory, now at  (20, 3)
[398920142] Turn number: 99
[398920142] ----------------------------------------------------
[398920751] Green-Perpentine Acquired Territory, now at  (27, 9)
[398920751] Purple-Perpentine Acquired Territory, now at  (6, 11)
[398920810] Turn number: 100
[398920810] ----------------------------------------------------
[398921419] Turn number: 101
[398921419] ----------------------------------------------------
[398922048] Turn number: 102
[398922048] ----------------------------------------------------
[398922663] Turn number: 103
[398922663] ----------------------------------------------------
[398923276] Turn number: 104
[398923277] ----------------------------------------------------
[398923906] Turn number: 105
[398923906] ----------------------------------------------------
[398924504] Red-Perpentine Acquired Territory, now at  (20, 2)
[398924504] Green-Perpentine Acquired Territory, now at  (26, 8)
[398924530] Turn number: 106
[398924530] ----------------------------------------------------
[398925142] Purple-Perpentine Acquired Territory, now at  (7, 11)
[398925159] Turn number: 107
[398925160] ----------------------------------------------------
[398925773] Turn number: 108
[398925773] ----------------------------------------------------
[398926399] Turn number: 109
[398926400] ----------------------------------------------------
[398927021] Turn number: 110
[398927021] ----------------------------------------------------
[398927648] Turn number: 111
[398927648] ----------------------------------------------------
[398928264] Turn number: 112
[398928264] ----------------------------------------------------
[398928885] Turn number: 113
[398928885] ----------------------------------------------------
[398929489] Red-Perpentine Acquired Territory, now at  (22, 2)
[398929489] Green-Perpentine Acquired Territory, now at  (27, 7)
[398929489] Purple-Perpentine Acquired Territory, now at  (7, 10)
[398929501] Turn number: 114
[398929501] ----------------------------------------------------
[398930119] Turn number: 115
[398930119] ----------------------------------------------------
[398930742] Turn number: 116
[398930742] ----------------------------------------------------
[398931374] Turn number: 117
[398931374] ----------------------------------------------------
[398931995] Turn number: 118
[398931995] ----------------------------------------------------
[398932602] Blue-Perpentine Re-spawned at  (24, 6)
[398932618] Turn number: 119
[398932618] ----------------------------------------------------
[398933221] Red-Perpentine Acquired Territory, now at  (23, 3)
[398933233] Turn number: 120
[398933233] ----------------------------------------------------
[398933831] Green-Perpentine Acquired Territory, now at  (26, 5)
[398933903] Turn number: 121
[398933903] ----------------------------------------------------
[398934511] Turn number: 122
[398934511] ----------------------------------------------------
[398935114] Blue-Perpentine Acquired Territory, now at  (25, 7)
[398935115] Purple-Perpentine Acquired Territory, now at  (7, 9)
[398935131] Turn number: 123
[398935131] ----------------------------------------------------
[398935752] Turn number: 124
[398935752] ----------------------------------------------------
[398936365] Red-Perpentine Died at  (26, 3)
[398936365] Red-Perpentine Head on Collision at  (-1, -1)
[398936365] Green-Perpentine Died at  (26, 3)
[398936366] Green-Perpentine Head on Collision at  (-1, -1)
[398936380] Turn number: 125
[398936380] ----------------------------------------------------
[398937032] Turn number: 126
[398937033] ----------------------------------------------------
[398937637] Blue-Perpentine Acquired Territory, now at  (26, 4)
[398937653] Turn number: 127
[398937653] ----------------------------------------------------
[398938285] Turn number: 128
[398938285] ----------------------------------------------------
[398938892] Purple-Perpentine Acquired Territory, now at  (7, 7)
[398938907] Turn number: 129
[398938907] ----------------------------------------------------
[398939541] Turn number: 130
[398939541] ----------------------------------------------------
[398940159] Turn number: 131
[398940159] ----------------------------------------------------
[398940761] Blue-Perpentine Acquired Territory, now at  (27, 4)
[398940781] Turn number: 132
[398940782] ----------------------------------------------------
[398941392] Turn number: 133
[398941392] ----------------------------------------------------
[398942017] Turn number: 134
[398942018] ----------------------------------------------------
[398942662] Turn number: 135
[398942662] ----------------------------------------------------
[398943267] Purple-Perpentine Acquired Territory, now at  (8, 7)
[398943281] Turn number: 136
[398943281] ----------------------------------------------------
[398943908] Turn number: 137
[398943908] ----------------------------------------------------
[398944518] Blue-Perpentine Acquired Territory, now at  (28, 5)
[398944531] Turn number: 138
[398944531] ----------------------------------------------------
[398945147] Turn number: 139
[398945147] ----------------------------------------------------
[398945765] Turn number: 140
[398945765] ----------------------------------------------------
[398946394] Turn number: 141
[398946394] ----------------------------------------------------
[398947043] Turn number: 142
[398947043] ----------------------------------------------------
[398947660] Purple-Perpentine Acquired Territory, now at  (8, 6)
[398947674] Turn number: 143
[398947674] ----------------------------------------------------
[398948275] Turn number: 144
[398948275] ----------------------------------------------------
[398948875] Turn number: 145
[398948875] ----------------------------------------------------
[398949468] Blue-Perpentine Acquired Territory, now at  (28, 7)
[398949480] Turn number: 146
[398949481] ----------------------------------------------------
[398950095] Turn number: 147
[398950095] ----------------------------------------------------
[398950722] Turn number: 148
[398950722] ----------------------------------------------------
[398951336] Turn number: 149
[398951336] ----------------------------------------------------
[398951932] Red-Perpentine Re-spawned at  (20, 3)
[398951932] Green-Perpentine Re-spawned at  (27, 20)
[398951949] Turn number: 150
[398951949] ----------------------------------------------------
[398952571] Turn number: 151
[398952571] ----------------------------------------------------
[398953174] Purple-Perpentine Acquired Territory, now at  (8, 5)
[398953187] Turn number: 152
[398953187] ----------------------------------------------------
[398953802] Turn number: 153
[398953803] ----------------------------------------------------
[398954411] Blue-Perpentine Acquired Territory, now at  (28, 9)
[398954424] Turn number: 154
[398954424] ----------------------------------------------------
[398955027] Turn number: 155
[398955027] ----------------------------------------------------
[398955642] Red-Perpentine Acquired Territory, now at  (22, 5)
[398955658] Turn number: 156
[398955658] ----------------------------------------------------
[398956268] Green-Perpentine Acquired Territory, now at  (24, 18)
[398956285] Turn number: 157
[398956286] ----------------------------------------------------
[398956893] Purple-Perpentine Acquired Territory, now at  (8, 3)
[398956908] Turn number: 158
[398956909] ----------------------------------------------------
[398957535] Turn number: 159
[398957535] ----------------------------------------------------
[398958144] Blue-Perpentine Acquired Territory, now at  (25, 8)
[398958159] Turn number: 160
[398958159] ----------------------------------------------------
[398958779] Turn number: 161
[398958779] ----------------------------------------------------
[398959370] Red-Perpentine Acquired Territory, now at  (23, 4)
[398959370] Green-Perpentine Acquired Territory, now at  (24, 15)
[398959418] Turn number: 162
[398959418] ----------------------------------------------------
[398960076] Turn number: 163
[398960076] ----------------------------------------------------
[398960688] Turn number: 164
[398960688] ----------------------------------------------------
[398961294] Red-Perpentine Died at  (23, 7)
[398961295] Red-Perpentine Head on Collision at  (-1, -1)
[398961295] Blue-Perpentine Died at  (23, 7)
[398961295] Blue-Perpentine Head on Collision at  (-1, -1)
[398961295] Purple-Perpentine Acquired Territory, now at  (9, 3)
[398961307] Turn number: 165
[398961307] ----------------------------------------------------
[398961923] Turn number: 166
[398961923] ----------------------------------------------------
[398962511] Green-Perpentine Acquired Territory, now at  (24, 12)
[398962526] Turn number: 167
[398962526] ----------------------------------------------------
[398963139] Turn number: 168
[398963139] ----------------------------------------------------
[398963757] Turn number: 169
[398963757] ----------------------------------------------------
[398964378] Turn number: 170
[398964378] ----------------------------------------------------
[398964983] Turn number: 171
[398964983] ----------------------------------------------------
[398965583] Green-Perpentine Acquired Territory, now at  (24, 9)
[398965583] Purple-Perpentine Acquired Territory, now at  (9, 2)
[398965600] Turn number: 172
[398965600] ----------------------------------------------------
[398966217] Turn number: 173
[398966217] ----------------------------------------------------
[398966835] Turn number: 174
[398966835] ----------------------------------------------------
[398967458] Turn number: 175
[398967458] ----------------------------------------------------
[398968064] Green-Perpentine Acquired Territory, now at  (24, 9)
[398968080] Turn number: 176
[398968080] ----------------------------------------------------
[398968708] Turn number: 177
[398968708] ----------------------------------------------------
[398969323] Turn number: 178
[398969324] ----------------------------------------------------
[398969958] Turn number: 179
[398969959] ----------------------------------------------------
[398970569] Purple-Perpentine Acquired Territory, now at  (11, 2)
[398970600] Turn number: 180
[398970600] ----------------------------------------------------
